{"/Users/elbertballo/Desktop/Jest/add.js": {"path":"/Users/elbertballo/Desktop/Jest/add.js","statementMap":{"0":{"start":{"line":1,"column":12},"end":{"line":1,"column":26}},"1":{"start":{"line":1,"column":21},"end":{"line":1,"column":26}},"2":{"start":{"line":3,"column":0},"end":{"line":3,"column":21}}},"fnMap":{"0":{"name":"(anonymous_0)","decl":{"start":{"line":1,"column":12},"end":{"line":1,"column":13}},"loc":{"start":{"line":1,"column":21},"end":{"line":1,"column":26}},"line":1}},"branchMap":{},"s":{"0":1,"1":1,"2":1},"f":{"0":1},"b":{},"_coverageSchema":"1a1c01bbd47fc00a2c39e90264f33305004495a9","hash":"cfe5d3c0af895ce0f25af5cd2e0d785dde60b2ff"}
,"/Users/elbertballo/Desktop/Jest/cloneArr.js": {"path":"/Users/elbertballo/Desktop/Jest/cloneArr.js","statementMap":{"0":{"start":{"line":1,"column":17},"end":{"line":1,"column":34}},"1":{"start":{"line":1,"column":26},"end":{"line":1,"column":34}},"2":{"start":{"line":3,"column":0},"end":{"line":3,"column":26}}},"fnMap":{"0":{"name":"(anonymous_0)","decl":{"start":{"line":1,"column":17},"end":{"line":1,"column":18}},"loc":{"start":{"line":1,"column":26},"end":{"line":1,"column":34}},"line":1}},"branchMap":{},"s":{"0":1,"1":2,"2":1},"f":{"0":2},"b":{},"_coverageSchema":"1a1c01bbd47fc00a2c39e90264f33305004495a9","hash":"36b6393653dd37039bde10c02fb325be32b5ff3f"}
,"/Users/elbertballo/Desktop/Jest/subtract.js": {"path":"/Users/elbertballo/Desktop/Jest/subtract.js","statementMap":{"0":{"start":{"line":1,"column":17},"end":{"line":1,"column":32}},"1":{"start":{"line":1,"column":27},"end":{"line":1,"column":32}},"2":{"start":{"line":3,"column":0},"end":{"line":3,"column":26}}},"fnMap":{"0":{"name":"(anonymous_0)","decl":{"start":{"line":1,"column":17},"end":{"line":1,"column":18}},"loc":{"start":{"line":1,"column":27},"end":{"line":1,"column":32}},"line":1}},"branchMap":{},"s":{"0":1,"1":1,"2":1},"f":{"0":1},"b":{},"_coverageSchema":"1a1c01bbd47fc00a2c39e90264f33305004495a9","hash":"052cc6f39895a549d3c47e805468b977d0bdde33"}
}
